<?xml version="1.0" encoding="UTF-8"?>
<!-- Generated by org.testng.reporters.JUnitReportReporter -->
<testsuite hostname="LAPTOP-D3DT1504" failures="0" tests="1" name="testlayer.TestDB" time="24.828" errors="0" timestamp="2022-02-02T00:00:18 EST" skipped="0">
  <testcase classname="testlayer.TestDB" name="product" time="24.828"/>
  <system-out/>
</testsuite> <!-- testlayer.TestDB -->
